-------------------------------------------------------------------------------
Test set: stepsdefinition.RunTest
-------------------------------------------------------------------------------
Tests run: 2, Failures: 0, Errors: 2, Skipped: 0, Time elapsed: 77.86 s <<< FAILURE! - in stepsdefinition.RunTest
Feature: salesforce  Time elapsed: 41.783 s  <<< ERROR!
java.lang.NoSuchMethodError: net.thucydides.core.model.TestOutcome.testStepWithDescription(Ljava/lang/String;)Lcom/google/common/base/Optional;

Feature: Home Page  Time elapsed: 23.132 s  <<< ERROR!
java.lang.NoSuchMethodError: net.thucydides.core.model.TestOutcome.testStepWithDescription(Ljava/lang/String;)Lcom/google/common/base/Optional;

