<?xml version="1.0" encoding="UTF-8"?>
<testsuite xmlns:xsi="http://www.w3.org/2001/XMLSchema-instance" xsi:noNamespaceSchemaLocation="https://maven.apache.org/surefire/maven-failsafe-plugin/xsd/failsafe-test-report-3.0.xsd" version="3.0" name="runner.RunTest" time="199.586" tests="2" errors="0" skipped="0" failures="0">
  <properties>
[...]
</properties>
  <testcase name="Log in Lecc page" classname="Get Green icon by scanning Js Buttons." time="114.375"/>
  <testcase name="Log in Lecc page" classname="Get Yellow icon by scanning Js Buttons." time="79.04"/>
</testsuite>