<?xml version="1.0" encoding="UTF-8"?><testsuite errors="0" failures="1" name="Definition" skipped="0" tests="1" time="18.19" timestamp="2019-11-15 02:17:57"><testcase name="Add layout"><failure type="java.lang.AssertionError"/><system-err>null&#13;
pages.login.SfLoginPage.salesforceLoginVerification(SfLoginPage.java:72)&#13;
steps.login.LoginSteps.loginExpectedResult(LoginSteps.java:47)&#13;
stepsdefinition.salesforce.SfLoginStepsDefinition.sfLoginValidation(SfLoginStepsDefinition.java:29)&#13;
cucumber.runner.Runner.runPickle(Runner.java:80)&#13;
</system-err></testcase></testsuite>